[36minfo[39m: GET en /loggerTest - 18:21:17 
[31mfatal[39m: ERROR en la base de datos es mejor correr y no mirar atras
[31merror[39m: ERROR en alguna parte, seria eso que no ves, alguna categoria por ejemplo, quien sabe
[33mwarning[39m: Warning,  Cuidado con...ahi viene corre!!.. AHHHhhh!!...
[32mdebug[39m: OKEY, todo funciona aparentemente bien... o no?...
[36minfo[39m: GET en /loggerTest - 19:00:17 
[31mfatal[39m: ERROR en la base de datos es mejor correr y no mirar atras
[31merror[39m: ERROR en alguna parte, seria eso que no ves, alguna categoria por ejemplo, quien sabe
[33mwarning[39m: Warning,  Cuidado con...ahi viene corre!!.. AHHHhhh!!...
[32mdebug[39m: OKEY, todo funciona aparentemente bien... o no?...
[36minfo[39m: GET en /loggerTest - 19:01:55 
[31mfatal[39m: ERROR en la base de datos es mejor correr y no mirar atras
[31merror[39m: ERROR en alguna parte, seria eso que no ves, alguna categoria por ejemplo, quien sabe
[33mwarning[39m: Warning,  Cuidado con...ahi viene corre!!.. AHHHhhh!!...
[32mdebug[39m: OKEY, todo funciona aparentemente bien... o no?...
[36minfo[39m: GET en /favicon.ico - 19:01:55 
[36minfo[39m: GET en /loggerTest - 19:18:22 
[31mfatal[39m: ERROR en la base de datos es mejor correr y no mirar atras
[31merror[39m: ERROR en alguna parte, seria eso que no ves, alguna categoria por ejemplo, quien sabe
[33mwarning[39m: Warning,  Cuidado con...ahi viene corre!!.. AHHHhhh!!...
[32mdebug[39m: OKEY, todo funciona aparentemente bien... o no?...
